2018-05-28 14:11:43.272  INFO 7048 --- [main] c.e.d.c.error.ErrorControllerTests       : Starting ErrorControllerTests on 网站-陈俊斌 with PID 7048 (started by admin in D:\IdeaProjects\Spring-Boot-Best-Practice\demo\demo)
2018-05-28 14:11:43.345  INFO 7048 --- [main] c.e.d.c.error.ErrorControllerTests       : No active profile set, falling back to default profiles: default
2018-05-28 14:11:43.605  INFO 7048 --- [main] o.s.w.c.s.GenericWebApplicationContext   : Refreshing org.springframework.web.context.support.GenericWebApplicationContext@207ea13: startup date [Mon May 28 14:11:43 CST 2018]; root of context hierarchy
2018-05-28 14:11:46.431  INFO 7048 --- [main] o.s.w.s.handler.SimpleUrlHandlerMapping  : Mapped URL path [/**/favicon.ico] onto handler of type [class org.springframework.web.servlet.resource.ResourceHttpRequestHandler]
2018-05-28 14:11:46.743  INFO 7048 --- [main] s.w.s.m.m.a.RequestMappingHandlerAdapter : Looking for @ControllerAdvice: org.springframework.web.context.support.GenericWebApplicationContext@207ea13: startup date [Mon May 28 14:11:43 CST 2018]; root of context hierarchy
2018-05-28 14:11:46.843  INFO 7048 --- [main] s.w.s.m.m.a.RequestMappingHandlerMapping : Mapped "{[/error/],methods=[GET]}" onto public com.example.demo.controller.base.Response com.example.demo.controller.error.ErrorController.get()
2018-05-28 14:11:46.846  INFO 7048 --- [main] s.w.s.m.m.a.RequestMappingHandlerMapping : Mapped "{[/error]}" onto public org.springframework.http.ResponseEntity<java.util.Map<java.lang.String, java.lang.Object>> org.springframework.boot.autoconfigure.web.servlet.error.BasicErrorController.error(javax.servlet.http.HttpServletRequest)
2018-05-28 14:11:46.846  INFO 7048 --- [main] s.w.s.m.m.a.RequestMappingHandlerMapping : Mapped "{[/error],produces=[text/html]}" onto public org.springframework.web.servlet.ModelAndView org.springframework.boot.autoconfigure.web.servlet.error.BasicErrorController.errorHtml(javax.servlet.http.HttpServletRequest,javax.servlet.http.HttpServletResponse)
2018-05-28 14:11:46.889  INFO 7048 --- [main] o.s.w.s.handler.SimpleUrlHandlerMapping  : Mapped URL path [/webjars/**] onto handler of type [class org.springframework.web.servlet.resource.ResourceHttpRequestHandler]
2018-05-28 14:11:46.889  INFO 7048 --- [main] o.s.w.s.handler.SimpleUrlHandlerMapping  : Mapped URL path [/**] onto handler of type [class org.springframework.web.servlet.resource.ResourceHttpRequestHandler]
2018-05-28 14:11:46.903  INFO 7048 --- [main] .m.m.a.ExceptionHandlerExceptionResolver : Detected @ExceptionHandler methods in restExceptionHandler
2018-05-28 14:11:47.071  INFO 7048 --- [main] o.s.b.t.m.w.SpringBootMockServletContext : Initializing Spring FrameworkServlet ''
2018-05-28 14:11:47.071  INFO 7048 --- [main] o.s.t.web.servlet.TestDispatcherServlet  : FrameworkServlet '': initialization started
2018-05-28 14:11:47.092  INFO 7048 --- [main] o.s.t.web.servlet.TestDispatcherServlet  : FrameworkServlet '': initialization completed in 21 ms
2018-05-28 14:11:47.185  INFO 7048 --- [main] c.e.d.c.error.ErrorControllerTests       : Started ErrorControllerTests in 4.963 seconds (JVM running for 19.628)
2018-05-28 14:11:47.416  INFO 7048 --- [Thread-2] o.s.w.c.s.GenericWebApplicationContext   : Closing org.springframework.web.context.support.GenericWebApplicationContext@207ea13: startup date [Mon May 28 14:11:43 CST 2018]; root of context hierarchy
2018-05-28 14:13:01.565  INFO 2660 --- [main] c.e.d.c.error.ErrorControllerTests       : Starting ErrorControllerTests on 网站-陈俊斌 with PID 2660 (started by admin in D:\IdeaProjects\Spring-Boot-Best-Practice\demo\demo)
2018-05-28 14:13:01.568  INFO 2660 --- [main] c.e.d.c.error.ErrorControllerTests       : No active profile set, falling back to default profiles: default
2018-05-28 14:13:01.590  INFO 2660 --- [main] o.s.w.c.s.GenericWebApplicationContext   : Refreshing org.springframework.web.context.support.GenericWebApplicationContext@402c4085: startup date [Mon May 28 14:13:01 CST 2018]; root of context hierarchy
2018-05-28 14:13:02.658  INFO 2660 --- [main] o.s.w.s.handler.SimpleUrlHandlerMapping  : Mapped URL path [/**/favicon.ico] onto handler of type [class org.springframework.web.servlet.resource.ResourceHttpRequestHandler]
2018-05-28 14:13:02.950  INFO 2660 --- [main] s.w.s.m.m.a.RequestMappingHandlerAdapter : Looking for @ControllerAdvice: org.springframework.web.context.support.GenericWebApplicationContext@402c4085: startup date [Mon May 28 14:13:01 CST 2018]; root of context hierarchy
2018-05-28 14:13:03.044  INFO 2660 --- [main] s.w.s.m.m.a.RequestMappingHandlerMapping : Mapped "{[/error/],methods=[GET]}" onto public com.example.demo.controller.base.Response com.example.demo.controller.error.ErrorController.get()
2018-05-28 14:13:03.051  INFO 2660 --- [main] s.w.s.m.m.a.RequestMappingHandlerMapping : Mapped "{[/error]}" onto public org.springframework.http.ResponseEntity<java.util.Map<java.lang.String, java.lang.Object>> org.springframework.boot.autoconfigure.web.servlet.error.BasicErrorController.error(javax.servlet.http.HttpServletRequest)
2018-05-28 14:13:03.053  INFO 2660 --- [main] s.w.s.m.m.a.RequestMappingHandlerMapping : Mapped "{[/error],produces=[text/html]}" onto public org.springframework.web.servlet.ModelAndView org.springframework.boot.autoconfigure.web.servlet.error.BasicErrorController.errorHtml(javax.servlet.http.HttpServletRequest,javax.servlet.http.HttpServletResponse)
2018-05-28 14:13:03.093  INFO 2660 --- [main] o.s.w.s.handler.SimpleUrlHandlerMapping  : Mapped URL path [/webjars/**] onto handler of type [class org.springframework.web.servlet.resource.ResourceHttpRequestHandler]
2018-05-28 14:13:03.093  INFO 2660 --- [main] o.s.w.s.handler.SimpleUrlHandlerMapping  : Mapped URL path [/**] onto handler of type [class org.springframework.web.servlet.resource.ResourceHttpRequestHandler]
2018-05-28 14:13:03.150  INFO 2660 --- [main] .m.m.a.ExceptionHandlerExceptionResolver : Detected @ExceptionHandler methods in restExceptionHandler
2018-05-28 14:13:03.270  INFO 2660 --- [main] o.s.b.t.m.w.SpringBootMockServletContext : Initializing Spring FrameworkServlet ''
2018-05-28 14:13:03.270  INFO 2660 --- [main] o.s.t.web.servlet.TestDispatcherServlet  : FrameworkServlet '': initialization started
2018-05-28 14:13:03.289  INFO 2660 --- [main] o.s.t.web.servlet.TestDispatcherServlet  : FrameworkServlet '': initialization completed in 17 ms
2018-05-28 14:13:03.340  INFO 2660 --- [main] c.e.d.c.error.ErrorControllerTests       : Started ErrorControllerTests in 2.432 seconds (JVM running for 3.673)
2018-05-28 14:13:03.750  INFO 2660 --- [Thread-2] o.s.w.c.s.GenericWebApplicationContext   : Closing org.springframework.web.context.support.GenericWebApplicationContext@402c4085: startup date [Mon May 28 14:13:01 CST 2018]; root of context hierarchy
2018-05-28 14:19:39.748  INFO 6868 --- [main] c.e.d.c.error.ErrorControllerTests       : Starting ErrorControllerTests on 网站-陈俊斌 with PID 6868 (started by admin in D:\IdeaProjects\Spring-Boot-Best-Practice\demo\demo)
2018-05-28 14:19:39.760  INFO 6868 --- [main] c.e.d.c.error.ErrorControllerTests       : No active profile set, falling back to default profiles: default
2018-05-28 14:19:39.777  INFO 6868 --- [main] o.s.w.c.s.GenericWebApplicationContext   : Refreshing org.springframework.web.context.support.GenericWebApplicationContext@632ceb35: startup date [Mon May 28 14:19:39 CST 2018]; root of context hierarchy
2018-05-28 14:19:40.780  INFO 6868 --- [main] o.s.w.s.handler.SimpleUrlHandlerMapping  : Mapped URL path [/**/favicon.ico] onto handler of type [class org.springframework.web.servlet.resource.ResourceHttpRequestHandler]
2018-05-28 14:19:41.021  INFO 6868 --- [main] s.w.s.m.m.a.RequestMappingHandlerAdapter : Looking for @ControllerAdvice: org.springframework.web.context.support.GenericWebApplicationContext@632ceb35: startup date [Mon May 28 14:19:39 CST 2018]; root of context hierarchy
2018-05-28 14:19:41.097  INFO 6868 --- [main] s.w.s.m.m.a.RequestMappingHandlerMapping : Mapped "{[/error/],methods=[GET]}" onto public com.example.demo.controller.base.Response com.example.demo.controller.error.ErrorController.get()
2018-05-28 14:19:41.100  INFO 6868 --- [main] s.w.s.m.m.a.RequestMappingHandlerMapping : Mapped "{[/error]}" onto public org.springframework.http.ResponseEntity<java.util.Map<java.lang.String, java.lang.Object>> org.springframework.boot.autoconfigure.web.servlet.error.BasicErrorController.error(javax.servlet.http.HttpServletRequest)
2018-05-28 14:19:41.101  INFO 6868 --- [main] s.w.s.m.m.a.RequestMappingHandlerMapping : Mapped "{[/error],produces=[text/html]}" onto public org.springframework.web.servlet.ModelAndView org.springframework.boot.autoconfigure.web.servlet.error.BasicErrorController.errorHtml(javax.servlet.http.HttpServletRequest,javax.servlet.http.HttpServletResponse)
2018-05-28 14:19:41.132  INFO 6868 --- [main] o.s.w.s.handler.SimpleUrlHandlerMapping  : Mapped URL path [/webjars/**] onto handler of type [class org.springframework.web.servlet.resource.ResourceHttpRequestHandler]
2018-05-28 14:19:41.132  INFO 6868 --- [main] o.s.w.s.handler.SimpleUrlHandlerMapping  : Mapped URL path [/**] onto handler of type [class org.springframework.web.servlet.resource.ResourceHttpRequestHandler]
2018-05-28 14:19:41.148  INFO 6868 --- [main] .m.m.a.ExceptionHandlerExceptionResolver : Detected @ExceptionHandler methods in restExceptionHandler
2018-05-28 14:19:41.281  INFO 6868 --- [main] o.s.b.t.m.w.SpringBootMockServletContext : Initializing Spring FrameworkServlet ''
2018-05-28 14:19:41.282  INFO 6868 --- [main] o.s.t.web.servlet.TestDispatcherServlet  : FrameworkServlet '': initialization started
2018-05-28 14:19:41.303  INFO 6868 --- [main] o.s.t.web.servlet.TestDispatcherServlet  : FrameworkServlet '': initialization completed in 20 ms
2018-05-28 14:19:41.352  INFO 6868 --- [main] c.e.d.c.error.ErrorControllerTests       : Started ErrorControllerTests in 2.354 seconds (JVM running for 3.769)
2018-05-28 14:19:42.577  INFO 6868 --- [Thread-2] o.s.w.c.s.GenericWebApplicationContext   : Closing org.springframework.web.context.support.GenericWebApplicationContext@632ceb35: startup date [Mon May 28 14:19:39 CST 2018]; root of context hierarchy
2018-05-28 14:21:42.540  INFO 6876 --- [main] com.example.demo.DemoApplication         : Starting DemoApplication on 网站-陈俊斌 with PID 6876 (D:\IdeaProjects\Spring-Boot-Best-Practice\demo\demo\target\classes started by admin in D:\IdeaProjects\Spring-Boot-Best-Practice\demo\demo)
2018-05-28 14:21:42.543  INFO 6876 --- [main] com.example.demo.DemoApplication         : No active profile set, falling back to default profiles: default
2018-05-28 14:21:42.617  INFO 6876 --- [main] ConfigServletWebServerApplicationContext : Refreshing org.springframework.boot.web.servlet.context.AnnotationConfigServletWebServerApplicationContext@15761df8: startup date [Mon May 28 14:21:42 CST 2018]; root of context hierarchy
2018-05-28 14:21:45.315  INFO 6876 --- [main] o.s.b.w.embedded.tomcat.TomcatWebServer  : Tomcat initialized with port(s): 8080 (http)
2018-05-28 14:21:45.381  INFO 6876 --- [main] o.apache.catalina.core.StandardService   : Starting service [Tomcat]
2018-05-28 14:21:45.381  INFO 6876 --- [main] org.apache.catalina.core.StandardEngine  : Starting Servlet Engine: Apache Tomcat/8.5.31
2018-05-28 14:21:45.397  INFO 6876 --- [localhost-startStop-1] o.a.catalina.core.AprLifecycleListener   : The APR based Apache Tomcat Native library which allows optimal performance in production environments was not found on the java.library.path: [D:\Java\jdk1.8\bin;C:\Windows\Sun\Java\bin;C:\Windows\system32;C:\Windows;D:\Python27\;D:\Python27\Scripts;C:\ProgramData\Oracle\Java\javapath;C:\Windows\system32;C:\Windows;C:\Windows\System32\Wbem;C:\Windows\System32\WindowsPowerShell\v1.0\;C:\Program Files (x86)\ATI Technologies\ATI.ACE\Core-Static;C:\Program Files (x86)\NVIDIA Corporation\PhysX\Common;C:\Program Files\Microsoft SQL Server\130\Tools\Binn\;C:\Program Files\Microsoft SQL Server\120\Tools\Binn\;C:\Program Files\Microsoft SQL Server\Client SDK\ODBC\110\Tools\Binn\;C:\Program Files (x86)\Microsoft SQL Server\120\Tools\Binn\;C:\Program Files\Microsoft SQL Server\120\DTS\Binn\;C:\Program Files (x86)\Microsoft SQL Server\120\Tools\Binn\ManagementStudio\;C:\Program Files (x86)\Microsoft SQL Server\120\DTS\Binn\;D:\doxygen\bin;C:\Program Files\dotnet\;D:\MySQL\MySQL Server 5.5\bin;D:\MySQL\MySQL Utilities 1.6\;D:\Redis\;D:\OpenVPN\bin;D:\TortoiseGit\bin;D:\nodejs\;D:\Python27;C:\Windows\system32;C:\Windows;C:\Windows\System32\Wbem;C:\Windows\System32\WindowsPowerShell\v1.0\;C:\Program Files\TortoiseSVN\bin;C:\Program Files (x86)\ATI Technologies\ATI.ACE\Core-Static;C:\Program Files (x86)\NVIDIA Corporation\PhysX\Common;D:\Microsoft VS Code\bin;C:\Users\admin\AppData\Local\Programs\Fiddler;C:\Users\admin\AppData\Roaming\npm;.]
2018-05-28 14:21:45.596  INFO 6876 --- [localhost-startStop-1] o.a.c.c.C.[Tomcat].[localhost].[/]       : Initializing Spring embedded WebApplicationContext
2018-05-28 14:21:45.596  INFO 6876 --- [localhost-startStop-1] o.s.web.context.ContextLoader            : Root WebApplicationContext: initialization completed in 2979 ms
2018-05-28 14:21:45.766  INFO 6876 --- [localhost-startStop-1] o.s.b.w.servlet.ServletRegistrationBean  : Servlet dispatcherServlet mapped to [/]
2018-05-28 14:21:45.770  INFO 6876 --- [localhost-startStop-1] o.s.b.w.servlet.FilterRegistrationBean   : Mapping filter: 'characterEncodingFilter' to: [/*]
2018-05-28 14:21:45.770  INFO 6876 --- [localhost-startStop-1] o.s.b.w.servlet.FilterRegistrationBean   : Mapping filter: 'hiddenHttpMethodFilter' to: [/*]
2018-05-28 14:21:45.770  INFO 6876 --- [localhost-startStop-1] o.s.b.w.servlet.FilterRegistrationBean   : Mapping filter: 'httpPutFormContentFilter' to: [/*]
2018-05-28 14:21:45.770  INFO 6876 --- [localhost-startStop-1] o.s.b.w.servlet.FilterRegistrationBean   : Mapping filter: 'requestContextFilter' to: [/*]
2018-05-28 14:21:45.904  INFO 6876 --- [main] o.s.aop.framework.CglibAopProxy          : Final method [protected final com.example.demo.controller.base.Response com.example.demo.controller.base.BaseController.response(com.example.demo.controller.base.StateCode,java.lang.Object)] cannot get proxied via CGLIB: Calls to this method will NOT be routed to the target instance and might lead to NPEs against uninitialized fields in the proxy instance.
2018-05-28 14:21:45.931  INFO 6876 --- [main] o.s.aop.framework.CglibAopProxy          : Final method [protected final com.example.demo.controller.base.Response com.example.demo.controller.base.BaseController.response(com.example.demo.controller.base.StateCode,java.lang.Object)] cannot get proxied via CGLIB: Calls to this method will NOT be routed to the target instance and might lead to NPEs against uninitialized fields in the proxy instance.
2018-05-28 14:21:45.946  INFO 6876 --- [main] o.s.aop.framework.CglibAopProxy          : Final method [protected final com.example.demo.controller.base.Response com.example.demo.controller.base.BaseController.response(com.example.demo.controller.base.StateCode,java.lang.Object)] cannot get proxied via CGLIB: Calls to this method will NOT be routed to the target instance and might lead to NPEs against uninitialized fields in the proxy instance.
2018-05-28 14:21:46.112  INFO 6876 --- [main] o.s.w.s.handler.SimpleUrlHandlerMapping  : Mapped URL path [/**/favicon.ico] onto handler of type [class org.springframework.web.servlet.resource.ResourceHttpRequestHandler]
2018-05-28 14:21:46.656  INFO 6876 --- [main] s.w.s.m.m.a.RequestMappingHandlerAdapter : Looking for @ControllerAdvice: org.springframework.boot.web.servlet.context.AnnotationConfigServletWebServerApplicationContext@15761df8: startup date [Mon May 28 14:21:42 CST 2018]; root of context hierarchy
2018-05-28 14:21:46.752  INFO 6876 --- [main] s.w.s.m.m.a.RequestMappingHandlerMapping : Mapped "{[/admin/],methods=[GET]}" onto public com.example.demo.controller.base.Response com.example.demo.controller.admin.AdminController.get()
2018-05-28 14:21:46.754  INFO 6876 --- [main] s.w.s.m.m.a.RequestMappingHandlerMapping : Mapped "{[/error/],methods=[GET]}" onto public com.example.demo.controller.base.Response com.example.demo.controller.error.ErrorController.get()
2018-05-28 14:21:46.755  INFO 6876 --- [main] s.w.s.m.m.a.RequestMappingHandlerMapping : Mapped "{[/login/],methods=[POST]}" onto public com.example.demo.controller.base.Response com.example.demo.controller.login.LoginController.post()
2018-05-28 14:21:46.757  INFO 6876 --- [main] s.w.s.m.m.a.RequestMappingHandlerMapping : Mapped "{[/error]}" onto public org.springframework.http.ResponseEntity<java.util.Map<java.lang.String, java.lang.Object>> org.springframework.boot.autoconfigure.web.servlet.error.BasicErrorController.error(javax.servlet.http.HttpServletRequest)
2018-05-28 14:21:46.758  INFO 6876 --- [main] s.w.s.m.m.a.RequestMappingHandlerMapping : Mapped "{[/error],produces=[text/html]}" onto public org.springframework.web.servlet.ModelAndView org.springframework.boot.autoconfigure.web.servlet.error.BasicErrorController.errorHtml(javax.servlet.http.HttpServletRequest,javax.servlet.http.HttpServletResponse)
2018-05-28 14:21:46.810  INFO 6876 --- [main] o.s.w.s.handler.SimpleUrlHandlerMapping  : Mapped URL path [/webjars/**] onto handler of type [class org.springframework.web.servlet.resource.ResourceHttpRequestHandler]
2018-05-28 14:21:46.810  INFO 6876 --- [main] o.s.w.s.handler.SimpleUrlHandlerMapping  : Mapped URL path [/**] onto handler of type [class org.springframework.web.servlet.resource.ResourceHttpRequestHandler]
2018-05-28 14:21:46.832  INFO 6876 --- [main] .m.m.a.ExceptionHandlerExceptionResolver : Detected @ExceptionHandler methods in restExceptionHandler
2018-05-28 14:21:47.018  INFO 6876 --- [main] o.s.j.e.a.AnnotationMBeanExporter        : Registering beans for JMX exposure on startup
2018-05-28 14:21:47.090  INFO 6876 --- [main] o.s.b.w.embedded.tomcat.TomcatWebServer  : Tomcat started on port(s): 8080 (http) with context path ''
2018-05-28 14:21:47.097  INFO 6876 --- [main] com.example.demo.DemoApplication         : Started DemoApplication in 4.935 seconds (JVM running for 5.387)
2018-05-28 14:21:59.100  INFO 6876 --- [http-nio-8080-exec-4] o.a.c.c.C.[Tomcat].[localhost].[/]       : Initializing Spring FrameworkServlet 'dispatcherServlet'
2018-05-28 14:21:59.101  INFO 6876 --- [http-nio-8080-exec-4] o.s.web.servlet.DispatcherServlet        : FrameworkServlet 'dispatcherServlet': initialization started
2018-05-28 14:21:59.144  INFO 6876 --- [http-nio-8080-exec-4] o.s.web.servlet.DispatcherServlet        : FrameworkServlet 'dispatcherServlet': initialization completed in 43 ms
2018-05-28 14:21:59.216  INFO 6876 --- [http-nio-8080-exec-4] com.example.demo.aspect.LogsAspect       : /error/
2018-05-28 14:22:35.446  INFO 8308 --- [main] c.e.d.c.error.ErrorControllerTests       : Starting ErrorControllerTests on 网站-陈俊斌 with PID 8308 (started by admin in D:\IdeaProjects\Spring-Boot-Best-Practice\demo\demo)
2018-05-28 14:22:35.449  INFO 8308 --- [main] c.e.d.c.error.ErrorControllerTests       : No active profile set, falling back to default profiles: default
2018-05-28 14:22:35.473  INFO 8308 --- [main] o.s.w.c.s.GenericWebApplicationContext   : Refreshing org.springframework.web.context.support.GenericWebApplicationContext@632ceb35: startup date [Mon May 28 14:22:35 CST 2018]; root of context hierarchy
2018-05-28 14:22:36.609  INFO 8308 --- [main] o.s.w.s.handler.SimpleUrlHandlerMapping  : Mapped URL path [/**/favicon.ico] onto handler of type [class org.springframework.web.servlet.resource.ResourceHttpRequestHandler]
2018-05-28 14:22:36.873  INFO 8308 --- [main] s.w.s.m.m.a.RequestMappingHandlerAdapter : Looking for @ControllerAdvice: org.springframework.web.context.support.GenericWebApplicationContext@632ceb35: startup date [Mon May 28 14:22:35 CST 2018]; root of context hierarchy
2018-05-28 14:22:36.949  INFO 8308 --- [main] s.w.s.m.m.a.RequestMappingHandlerMapping : Mapped "{[/error/],methods=[GET]}" onto public com.example.demo.controller.base.Response com.example.demo.controller.error.ErrorController.get()
2018-05-28 14:22:36.956  INFO 8308 --- [main] s.w.s.m.m.a.RequestMappingHandlerMapping : Mapped "{[/error]}" onto public org.springframework.http.ResponseEntity<java.util.Map<java.lang.String, java.lang.Object>> org.springframework.boot.autoconfigure.web.servlet.error.BasicErrorController.error(javax.servlet.http.HttpServletRequest)
2018-05-28 14:22:36.958  INFO 8308 --- [main] s.w.s.m.m.a.RequestMappingHandlerMapping : Mapped "{[/error],produces=[text/html]}" onto public org.springframework.web.servlet.ModelAndView org.springframework.boot.autoconfigure.web.servlet.error.BasicErrorController.errorHtml(javax.servlet.http.HttpServletRequest,javax.servlet.http.HttpServletResponse)
2018-05-28 14:22:36.982  INFO 8308 --- [main] o.s.w.s.handler.SimpleUrlHandlerMapping  : Mapped URL path [/webjars/**] onto handler of type [class org.springframework.web.servlet.resource.ResourceHttpRequestHandler]
2018-05-28 14:22:36.983  INFO 8308 --- [main] o.s.w.s.handler.SimpleUrlHandlerMapping  : Mapped URL path [/**] onto handler of type [class org.springframework.web.servlet.resource.ResourceHttpRequestHandler]
2018-05-28 14:22:36.997  INFO 8308 --- [main] .m.m.a.ExceptionHandlerExceptionResolver : Detected @ExceptionHandler methods in restExceptionHandler
2018-05-28 14:22:37.137  INFO 8308 --- [main] o.s.b.t.m.w.SpringBootMockServletContext : Initializing Spring FrameworkServlet ''
2018-05-28 14:22:37.138  INFO 8308 --- [main] o.s.t.web.servlet.TestDispatcherServlet  : FrameworkServlet '': initialization started
2018-05-28 14:22:37.155  INFO 8308 --- [main] o.s.t.web.servlet.TestDispatcherServlet  : FrameworkServlet '': initialization completed in 16 ms
2018-05-28 14:22:37.207  INFO 8308 --- [main] c.e.d.c.error.ErrorControllerTests       : Started ErrorControllerTests in 2.295 seconds (JVM running for 4.087)
2018-05-28 14:22:38.393  INFO 8308 --- [Thread-2] o.s.w.c.s.GenericWebApplicationContext   : Closing org.springframework.web.context.support.GenericWebApplicationContext@632ceb35: startup date [Mon May 28 14:22:35 CST 2018]; root of context hierarchy
2018-05-28 14:24:38.558  INFO 8488 --- [main] c.e.d.c.error.ErrorControllerTests       : Starting ErrorControllerTests on 网站-陈俊斌 with PID 8488 (started by admin in D:\IdeaProjects\Spring-Boot-Best-Practice\demo\demo)
2018-05-28 14:24:38.561  INFO 8488 --- [main] c.e.d.c.error.ErrorControllerTests       : No active profile set, falling back to default profiles: default
2018-05-28 14:24:38.587  INFO 8488 --- [main] o.s.w.c.s.GenericWebApplicationContext   : Refreshing org.springframework.web.context.support.GenericWebApplicationContext@33bc72d1: startup date [Mon May 28 14:24:38 CST 2018]; root of context hierarchy
2018-05-28 14:24:39.847  INFO 8488 --- [main] o.s.w.s.handler.SimpleUrlHandlerMapping  : Mapped URL path [/**/favicon.ico] onto handler of type [class org.springframework.web.servlet.resource.ResourceHttpRequestHandler]
2018-05-28 14:24:40.163  INFO 8488 --- [main] s.w.s.m.m.a.RequestMappingHandlerAdapter : Looking for @ControllerAdvice: org.springframework.web.context.support.GenericWebApplicationContext@33bc72d1: startup date [Mon May 28 14:24:38 CST 2018]; root of context hierarchy
2018-05-28 14:24:40.237  INFO 8488 --- [main] s.w.s.m.m.a.RequestMappingHandlerMapping : Mapped "{[/error/],methods=[GET]}" onto public com.example.demo.controller.base.Response com.example.demo.controller.error.ErrorController.get()
2018-05-28 14:24:40.239  INFO 8488 --- [main] s.w.s.m.m.a.RequestMappingHandlerMapping : Mapped "{[/error]}" onto public org.springframework.http.ResponseEntity<java.util.Map<java.lang.String, java.lang.Object>> org.springframework.boot.autoconfigure.web.servlet.error.BasicErrorController.error(javax.servlet.http.HttpServletRequest)
2018-05-28 14:24:40.240  INFO 8488 --- [main] s.w.s.m.m.a.RequestMappingHandlerMapping : Mapped "{[/error],produces=[text/html]}" onto public org.springframework.web.servlet.ModelAndView org.springframework.boot.autoconfigure.web.servlet.error.BasicErrorController.errorHtml(javax.servlet.http.HttpServletRequest,javax.servlet.http.HttpServletResponse)
2018-05-28 14:24:40.266  INFO 8488 --- [main] o.s.w.s.handler.SimpleUrlHandlerMapping  : Mapped URL path [/webjars/**] onto handler of type [class org.springframework.web.servlet.resource.ResourceHttpRequestHandler]
2018-05-28 14:24:40.266  INFO 8488 --- [main] o.s.w.s.handler.SimpleUrlHandlerMapping  : Mapped URL path [/**] onto handler of type [class org.springframework.web.servlet.resource.ResourceHttpRequestHandler]
2018-05-28 14:24:40.279  INFO 8488 --- [main] .m.m.a.ExceptionHandlerExceptionResolver : Detected @ExceptionHandler methods in restExceptionHandler
2018-05-28 14:24:40.409  INFO 8488 --- [main] o.s.b.t.m.w.SpringBootMockServletContext : Initializing Spring FrameworkServlet ''
2018-05-28 14:24:40.409  INFO 8488 --- [main] o.s.t.web.servlet.TestDispatcherServlet  : FrameworkServlet '': initialization started
2018-05-28 14:24:40.424  INFO 8488 --- [main] o.s.t.web.servlet.TestDispatcherServlet  : FrameworkServlet '': initialization completed in 13 ms
2018-05-28 14:24:40.469  INFO 8488 --- [main] c.e.d.c.error.ErrorControllerTests       : Started ErrorControllerTests in 2.607 seconds (JVM running for 3.598)
2018-05-28 14:24:41.688  INFO 8488 --- [Thread-2] o.s.w.c.s.GenericWebApplicationContext   : Closing org.springframework.web.context.support.GenericWebApplicationContext@33bc72d1: startup date [Mon May 28 14:24:38 CST 2018]; root of context hierarchy
2018-05-28 14:25:18.561  INFO 7916 --- [main] com.example.demo.DemoApplication         : Starting DemoApplication on 网站-陈俊斌 with PID 7916 (D:\IdeaProjects\Spring-Boot-Best-Practice\demo\demo\target\classes started by admin in D:\IdeaProjects\Spring-Boot-Best-Practice\demo\demo)
2018-05-28 14:25:18.564  INFO 7916 --- [main] com.example.demo.DemoApplication         : No active profile set, falling back to default profiles: default
2018-05-28 14:25:18.635  INFO 7916 --- [main] ConfigServletWebServerApplicationContext : Refreshing org.springframework.boot.web.servlet.context.AnnotationConfigServletWebServerApplicationContext@475e586c: startup date [Mon May 28 14:25:18 CST 2018]; root of context hierarchy
2018-05-28 14:25:20.936  INFO 7916 --- [main] o.s.b.w.embedded.tomcat.TomcatWebServer  : Tomcat initialized with port(s): 8080 (http)
2018-05-28 14:25:20.961  INFO 7916 --- [main] o.apache.catalina.core.StandardService   : Starting service [Tomcat]
2018-05-28 14:25:20.961  INFO 7916 --- [main] org.apache.catalina.core.StandardEngine  : Starting Servlet Engine: Apache Tomcat/8.5.31
2018-05-28 14:25:20.969  INFO 7916 --- [localhost-startStop-1] o.a.catalina.core.AprLifecycleListener   : The APR based Apache Tomcat Native library which allows optimal performance in production environments was not found on the java.library.path: [D:\Java\jdk1.8\bin;C:\Windows\Sun\Java\bin;C:\Windows\system32;C:\Windows;D:\Python27\;D:\Python27\Scripts;C:\ProgramData\Oracle\Java\javapath;C:\Windows\system32;C:\Windows;C:\Windows\System32\Wbem;C:\Windows\System32\WindowsPowerShell\v1.0\;C:\Program Files (x86)\ATI Technologies\ATI.ACE\Core-Static;C:\Program Files (x86)\NVIDIA Corporation\PhysX\Common;C:\Program Files\Microsoft SQL Server\130\Tools\Binn\;C:\Program Files\Microsoft SQL Server\120\Tools\Binn\;C:\Program Files\Microsoft SQL Server\Client SDK\ODBC\110\Tools\Binn\;C:\Program Files (x86)\Microsoft SQL Server\120\Tools\Binn\;C:\Program Files\Microsoft SQL Server\120\DTS\Binn\;C:\Program Files (x86)\Microsoft SQL Server\120\Tools\Binn\ManagementStudio\;C:\Program Files (x86)\Microsoft SQL Server\120\DTS\Binn\;D:\doxygen\bin;C:\Program Files\dotnet\;D:\MySQL\MySQL Server 5.5\bin;D:\MySQL\MySQL Utilities 1.6\;D:\Redis\;D:\OpenVPN\bin;D:\TortoiseGit\bin;D:\nodejs\;D:\Python27;C:\Windows\system32;C:\Windows;C:\Windows\System32\Wbem;C:\Windows\System32\WindowsPowerShell\v1.0\;C:\Program Files\TortoiseSVN\bin;C:\Program Files (x86)\ATI Technologies\ATI.ACE\Core-Static;C:\Program Files (x86)\NVIDIA Corporation\PhysX\Common;D:\Microsoft VS Code\bin;C:\Users\admin\AppData\Local\Programs\Fiddler;C:\Users\admin\AppData\Roaming\npm;.]
2018-05-28 14:25:21.099  INFO 7916 --- [localhost-startStop-1] o.a.c.c.C.[Tomcat].[localhost].[/]       : Initializing Spring embedded WebApplicationContext
2018-05-28 14:25:21.099  INFO 7916 --- [localhost-startStop-1] o.s.web.context.ContextLoader            : Root WebApplicationContext: initialization completed in 2464 ms
2018-05-28 14:25:21.351  INFO 7916 --- [localhost-startStop-1] o.s.b.w.servlet.ServletRegistrationBean  : Servlet dispatcherServlet mapped to [/]
2018-05-28 14:25:21.356  INFO 7916 --- [localhost-startStop-1] o.s.b.w.servlet.FilterRegistrationBean   : Mapping filter: 'characterEncodingFilter' to: [/*]
2018-05-28 14:25:21.357  INFO 7916 --- [localhost-startStop-1] o.s.b.w.servlet.FilterRegistrationBean   : Mapping filter: 'hiddenHttpMethodFilter' to: [/*]
2018-05-28 14:25:21.357  INFO 7916 --- [localhost-startStop-1] o.s.b.w.servlet.FilterRegistrationBean   : Mapping filter: 'httpPutFormContentFilter' to: [/*]
2018-05-28 14:25:21.359  INFO 7916 --- [localhost-startStop-1] o.s.b.w.servlet.FilterRegistrationBean   : Mapping filter: 'requestContextFilter' to: [/*]
2018-05-28 14:25:21.412  INFO 7916 --- [main] o.s.aop.framework.CglibAopProxy          : Final method [protected final com.example.demo.controller.base.Response com.example.demo.controller.base.BaseController.response(com.example.demo.controller.base.StateCode,java.lang.Object)] cannot get proxied via CGLIB: Calls to this method will NOT be routed to the target instance and might lead to NPEs against uninitialized fields in the proxy instance.
2018-05-28 14:25:21.445  INFO 7916 --- [main] o.s.aop.framework.CglibAopProxy          : Final method [protected final com.example.demo.controller.base.Response com.example.demo.controller.base.BaseController.response(com.example.demo.controller.base.StateCode,java.lang.Object)] cannot get proxied via CGLIB: Calls to this method will NOT be routed to the target instance and might lead to NPEs against uninitialized fields in the proxy instance.
2018-05-28 14:25:21.455  INFO 7916 --- [main] o.s.aop.framework.CglibAopProxy          : Final method [protected final com.example.demo.controller.base.Response com.example.demo.controller.base.BaseController.response(com.example.demo.controller.base.StateCode,java.lang.Object)] cannot get proxied via CGLIB: Calls to this method will NOT be routed to the target instance and might lead to NPEs against uninitialized fields in the proxy instance.
2018-05-28 14:25:21.709  INFO 7916 --- [main] o.s.w.s.handler.SimpleUrlHandlerMapping  : Mapped URL path [/**/favicon.ico] onto handler of type [class org.springframework.web.servlet.resource.ResourceHttpRequestHandler]
2018-05-28 14:25:22.916  INFO 7916 --- [main] s.w.s.m.m.a.RequestMappingHandlerAdapter : Looking for @ControllerAdvice: org.springframework.boot.web.servlet.context.AnnotationConfigServletWebServerApplicationContext@475e586c: startup date [Mon May 28 14:25:18 CST 2018]; root of context hierarchy
2018-05-28 14:25:23.021  INFO 7916 --- [main] s.w.s.m.m.a.RequestMappingHandlerMapping : Mapped "{[/admin/],methods=[GET]}" onto public com.example.demo.controller.base.Response com.example.demo.controller.admin.AdminController.get()
2018-05-28 14:25:23.022  INFO 7916 --- [main] s.w.s.m.m.a.RequestMappingHandlerMapping : Mapped "{[/error/],methods=[GET]}" onto public com.example.demo.controller.base.Response com.example.demo.controller.error.ErrorController.get()
2018-05-28 14:25:23.023  INFO 7916 --- [main] s.w.s.m.m.a.RequestMappingHandlerMapping : Mapped "{[/login/],methods=[POST]}" onto public com.example.demo.controller.base.Response com.example.demo.controller.login.LoginController.post()
2018-05-28 14:25:23.028  INFO 7916 --- [main] s.w.s.m.m.a.RequestMappingHandlerMapping : Mapped "{[/error]}" onto public org.springframework.http.ResponseEntity<java.util.Map<java.lang.String, java.lang.Object>> org.springframework.boot.autoconfigure.web.servlet.error.BasicErrorController.error(javax.servlet.http.HttpServletRequest)
2018-05-28 14:25:23.029  INFO 7916 --- [main] s.w.s.m.m.a.RequestMappingHandlerMapping : Mapped "{[/error],produces=[text/html]}" onto public org.springframework.web.servlet.ModelAndView org.springframework.boot.autoconfigure.web.servlet.error.BasicErrorController.errorHtml(javax.servlet.http.HttpServletRequest,javax.servlet.http.HttpServletResponse)
2018-05-28 14:25:23.092  INFO 7916 --- [main] o.s.w.s.handler.SimpleUrlHandlerMapping  : Mapped URL path [/webjars/**] onto handler of type [class org.springframework.web.servlet.resource.ResourceHttpRequestHandler]
2018-05-28 14:25:23.092  INFO 7916 --- [main] o.s.w.s.handler.SimpleUrlHandlerMapping  : Mapped URL path [/**] onto handler of type [class org.springframework.web.servlet.resource.ResourceHttpRequestHandler]
2018-05-28 14:25:23.112  INFO 7916 --- [main] .m.m.a.ExceptionHandlerExceptionResolver : Detected @ExceptionHandler methods in restExceptionHandler
2018-05-28 14:25:23.296  INFO 7916 --- [main] o.s.j.e.a.AnnotationMBeanExporter        : Registering beans for JMX exposure on startup
2018-05-28 14:25:23.333  INFO 7916 --- [main] o.s.b.w.embedded.tomcat.TomcatWebServer  : Tomcat started on port(s): 8080 (http) with context path ''
2018-05-28 14:25:23.379  INFO 7916 --- [main] com.example.demo.DemoApplication         : Started DemoApplication in 5.165 seconds (JVM running for 5.684)
2018-05-28 14:25:31.179  INFO 1676 --- [main] c.e.d.c.error.ErrorControllerTests       : Starting ErrorControllerTests on 网站-陈俊斌 with PID 1676 (started by admin in D:\IdeaProjects\Spring-Boot-Best-Practice\demo\demo)
2018-05-28 14:25:31.187  INFO 1676 --- [main] c.e.d.c.error.ErrorControllerTests       : No active profile set, falling back to default profiles: default
2018-05-28 14:25:31.210  INFO 1676 --- [main] o.s.w.c.s.GenericWebApplicationContext   : Refreshing org.springframework.web.context.support.GenericWebApplicationContext@33bc72d1: startup date [Mon May 28 14:25:31 CST 2018]; root of context hierarchy
2018-05-28 14:25:32.396  INFO 1676 --- [main] o.s.w.s.handler.SimpleUrlHandlerMapping  : Mapped URL path [/**/favicon.ico] onto handler of type [class org.springframework.web.servlet.resource.ResourceHttpRequestHandler]
2018-05-28 14:25:32.609  INFO 1676 --- [main] s.w.s.m.m.a.RequestMappingHandlerAdapter : Looking for @ControllerAdvice: org.springframework.web.context.support.GenericWebApplicationContext@33bc72d1: startup date [Mon May 28 14:25:31 CST 2018]; root of context hierarchy
2018-05-28 14:25:32.689  INFO 1676 --- [main] s.w.s.m.m.a.RequestMappingHandlerMapping : Mapped "{[/error/],methods=[GET]}" onto public com.example.demo.controller.base.Response com.example.demo.controller.error.ErrorController.get()
2018-05-28 14:25:32.693  INFO 1676 --- [main] s.w.s.m.m.a.RequestMappingHandlerMapping : Mapped "{[/error]}" onto public org.springframework.http.ResponseEntity<java.util.Map<java.lang.String, java.lang.Object>> org.springframework.boot.autoconfigure.web.servlet.error.BasicErrorController.error(javax.servlet.http.HttpServletRequest)
2018-05-28 14:25:32.693  INFO 1676 --- [main] s.w.s.m.m.a.RequestMappingHandlerMapping : Mapped "{[/error],produces=[text/html]}" onto public org.springframework.web.servlet.ModelAndView org.springframework.boot.autoconfigure.web.servlet.error.BasicErrorController.errorHtml(javax.servlet.http.HttpServletRequest,javax.servlet.http.HttpServletResponse)
2018-05-28 14:25:32.723  INFO 1676 --- [main] o.s.w.s.handler.SimpleUrlHandlerMapping  : Mapped URL path [/webjars/**] onto handler of type [class org.springframework.web.servlet.resource.ResourceHttpRequestHandler]
2018-05-28 14:25:32.724  INFO 1676 --- [main] o.s.w.s.handler.SimpleUrlHandlerMapping  : Mapped URL path [/**] onto handler of type [class org.springframework.web.servlet.resource.ResourceHttpRequestHandler]
2018-05-28 14:25:32.738  INFO 1676 --- [main] .m.m.a.ExceptionHandlerExceptionResolver : Detected @ExceptionHandler methods in restExceptionHandler
2018-05-28 14:25:32.883  INFO 1676 --- [main] o.s.b.t.m.w.SpringBootMockServletContext : Initializing Spring FrameworkServlet ''
2018-05-28 14:25:32.884  INFO 1676 --- [main] o.s.t.web.servlet.TestDispatcherServlet  : FrameworkServlet '': initialization started
2018-05-28 14:25:32.903  INFO 1676 --- [main] o.s.t.web.servlet.TestDispatcherServlet  : FrameworkServlet '': initialization completed in 17 ms
2018-05-28 14:25:33.094  INFO 1676 --- [main] c.e.d.c.error.ErrorControllerTests       : Started ErrorControllerTests in 2.508 seconds (JVM running for 3.809)
2018-05-28 14:25:33.302  INFO 7916 --- [http-nio-8080-exec-3] o.a.c.c.C.[Tomcat].[localhost].[/]       : Initializing Spring FrameworkServlet 'dispatcherServlet'
2018-05-28 14:25:33.303  INFO 7916 --- [http-nio-8080-exec-3] o.s.web.servlet.DispatcherServlet        : FrameworkServlet 'dispatcherServlet': initialization started
2018-05-28 14:25:33.333  INFO 7916 --- [http-nio-8080-exec-3] o.s.web.servlet.DispatcherServlet        : FrameworkServlet 'dispatcherServlet': initialization completed in 30 ms
2018-05-28 14:25:33.392  INFO 7916 --- [http-nio-8080-exec-3] com.example.demo.aspect.LogsAspect       : /error/
2018-05-28 14:25:33.687  INFO 1676 --- [Thread-2] o.s.w.c.s.GenericWebApplicationContext   : Closing org.springframework.web.context.support.GenericWebApplicationContext@33bc72d1: startup date [Mon May 28 14:25:31 CST 2018]; root of context hierarchy
